
DELETE	/api/v1/logs	200	Stream	20220803153135
GET	/api/v1/logs	200	Stream	20220803153141
GET	/api/v1/stream/SAHARA@docker.mp4	404	Stream	20220803153154
GET	/api/v1/logs	200	Stream	20220803153157
GET	/api/v1/logs	200	Stream	20220803153220
GET	/api/v1/stream/SAHARA@movie.mp4	500	Stream	20220808065238
GET	/favicon.ico	404	Stream	20220808065238
GET	/api/v1/stream/SAHARA@movie.mp4	500	Stream	20220808065448
GET	/api/v1/stream/SAHARA@movie.mp4	500	Stream	20220808065450
GET	/api/v1/stream/SAHARA@movie.mp4	500	Stream	20220808065452
GET	/api/v1/stream/SAHARA@movie.mp4	500	Stream	20220808065540
GET	/api/v1/stream/SAHARA@movie.mp4	500	Stream	20220808065541
GET	/api/v1/stream/SAHARA@movie.mp4	500	Stream	20220808065541
GET	/api/v1/stream/SAHARA@music.mp4	200	Stream	20220808065629
GET	/api/v1/stream/SAHARA@music.mp4	206	Stream	20220808065630
GET	/api/v1/stream/SAHARA@music.mp4	206	Stream	20220808065630
GET	/api/v1/stream/SAHARA@music.mp4	206	Stream	20220808065635
GET	/	404	Stream	20220808131629
GET	/favicon.ico	404	Stream	20220808131629
GET	/admin/	302	Stream	20220808131635
GET	/admin/login/	200	Stream	20220808131635
POST	/admin/login/	302	Stream	20220808131638
GET	/admin/	200	Stream	20220808131638
GET	/admin/Shared/registeredinstance/	200	Stream	20220808131640
GET	/admin/jsi18n/	200	Stream	20220808131640
POST	/admin/Shared/registeredinstance/	200	Stream	20220808131645
POST	/admin/Shared/registeredinstance/	302	Stream	20220808131646
GET	/admin/Shared/registeredinstance/	200	Stream	20220808131646
GET	/admin/jsi18n/	200	Stream	20220808131646
GET	/admin/Shared/registeredinstance/	200	Stream	20220808131747
GET	/admin/jsi18n/	200	Stream	20220808131747
GET	/admin/Shared/registeredinstance/	200	Stream	20220808131748
GET	/admin/jsi18n/	200	Stream	20220808131748
GET	/	404	Stream	20220808132433
POST	/api/v1/register	500	Stream	20220808132533
GET	/admin/	200	Stream	20220809100736
GET	/favicon.ico	404	Stream	20220809100736
GET	/	200	Stream	20220809100739
GET	/	200	Stream	20220809101059
GET	/	200	Stream	20220809101126
GET	/	200	Stream	20220809101127
GET	/	200	Stream	20220809101140
GET	/	200	Stream	20220809101148
GET	/	200	Stream	20220809101159
GET	/	200	Stream	20220809101209
GET	/	200	Stream	20220809101247
GET	/	200	Stream	20220809101305
GET	/	200	Stream	20220809101320
GET	/	200	Stream	20220809101347
GET	/	200	Stream	20220809101659
GET	/	200	Stream	20220809101759
GET	/	200	Stream	20220809101815
GET	/	200	Stream	20220809102117
GET	/	200	Stream	20220809102229
GET	/	200	Stream	20220809102230
GET	/	200	Stream	20220809102231
GET	/	200	Stream	20220809102234
GET	/	200	Stream	20220809102300
GET	/	200	Stream	20220809102313
GET	/	200	Stream	20220809102332
GET	/	200	Stream	20220809102333
GET	/	200	Stream	20220809102403
GET	/	200	Stream	20220809102404
GET	/	200	Stream	20220809102404
GET	/	200	Stream	20220809102427
GET	/	200	Stream	20220809102428
GET	/	200	Stream	20220809102447
GET	/	200	Stream	20220809102502
GET	/	200	Stream	20220809102510
GET	/	200	Stream	20220809102535
GET	/	200	Stream	20220809102553
GET	/	200	Stream	20220809102608
GET	/	200	Stream	20220809102726
GET	/	200	Stream	20220809102751
GET	/api/v1/information	500	Stream	20220809104313
GET	/api/v1/information	500	Stream	20220809104329
GET	/api/v1/information	500	Stream	20220809104354
GET	/api/v1/health	200	Stream	20220809104456
GET	/api/v1/information	500	Stream	20220809104505
GET	/api/v1/information	500	Stream	20220809104604
GET	/api/v1/information	200	Stream	20220809104634
GET	/api/v1/information	200	Stream	20220809104715
GET	/api/v1/information	200	Stream	20220809105220
POST	/api/v1/store	400	Stream	20220809110225
POST	/api/v1/store	409	Stream	20220809110358
POST	/api/v1/store	200	Stream	20220809110407
GET	/api/v1/stream/SAHARA@music.mp4	200	Stream	20220809110425
GET	/api/v1/stream/SAHARA@music.mp4	206	Stream	20220809110425
GET	/	200	Stream	20220809110609
GET	/favicon.ico	404	Stream	20220809110609
GET	/api/v1/stream/SAHARA@music.mp4	200	Stream	20220809110647
GET	/api/v1/stream/SAHARA@music.mp4	206	Stream	20220809110647
GET	/api/v1/stream/SAHARA@music.mp4	200	Stream	20220809110732
GET	/api/v1/stream/SAHARA@music.mp4	206	Stream	20220809110733
GET	/api/v1/stream/SAHARA@music.mp4	206	Stream	20220809110737
GET	/api/v1/stream/SAHARA@music.mp4	206	Stream	20220809110738
GET	/api/v1/stream/SAHARA@music.mp4	206	Stream	20220809110738
GET	/api/v1/stream/SAHARA@music.mp4	206	Stream	20220809110738
GET	/api/v1/stream/SAHARA@music.mp4	206	Stream	20220809110738
GET	/api/v1/stream/SAHARA@music.mp4	206	Stream	20220809110738
GET	/api/v1/stream/SAHARA@music.mp4	206	Stream	20220809110848
GET	/api/v1/stream/SAHARA@music.mp4	206	Stream	20220809111040
GET	/api/v1/stream/SAHARA@music.mp4	206	Stream	20220809111040
GET	/api/v1/stream/SAHARA@music.mp4	206	Stream	20220809111040
GET	/api/v1/stream/SAHARA@music.mp4	206	Stream	20220809111040
GET	/api/v1/stream/SAHARA@music.mp4	206	Stream	20220809111040
GET	/api/v1/stream/SAHARA@music.mp4	206	Stream	20220809111040
GET	/api/v1/stream/SAHARA@music.mp4	206	Stream	20220809111040
GET	/api/v1/stream/SAHARA@music.mp4	206	Stream	20220809111040
GET	/api/v1/stream/SAHARA@music.mp4	206	Stream	20220809111040
GET	/api/v1/information	500	Stream	20220809114938
GET	/api/v1/information	200	Stream	20220809115028
GET	/api/v1/information	200	Stream	20220809115114
GET	/api/v1/shard_download/SAHARA@music.mp4	200	Stream	20220809115510
GET	/api/v1/shard_download/SAHARA@music.mp4	200	Stream	20220809115510
GET	/api/v1/stream/GOBI@video.mp4	200	Stream	20220809120035
GET	/api/v1/stream/GOBI@video.mp4	206	Stream	20220809120035
GET	/api/v1/stream/GOBI@video.mp4	200	Stream	20220809120049
GET	/favicon.ico	404	Stream	20220809120049
GET	/admin/	302	Stream	20220810164700
GET	/admin/login/	200	Stream	20220810164700
GET	/favicon.ico	404	Stream	20220810164700
POST	/admin/login/	302	Stream	20220810164701
GET	/admin/	200	Stream	20220810164701
GET	/admin/Shared/storedfile/	200	Stream	20220810164706
GET	/admin/jsi18n/	200	Stream	20220810164706
POST	/admin/Shared/storedfile/	200	Stream	20220810164714
POST	/admin/Shared/storedfile/	302	Stream	20220810164716
GET	/admin/Shared/storedfile/	200	Stream	20220810164716
GET	/admin/jsi18n/	200	Stream	20220810164716
GET	/admin/Shared/cachedfile/	200	Stream	20220810164726
GET	/admin/jsi18n/	200	Stream	20220810164726
POST	/admin/Shared/cachedfile/	200	Stream	20220810164733
POST	/admin/Shared/cachedfile/	302	Stream	20220810164735
GET	/admin/Shared/cachedfile/	200	Stream	20220810164735
GET	/admin/jsi18n/	200	Stream	20220810164735
POST	/api/v1/store	500	Stream	20220810170419
POST	/api/v1/store	200	Stream	20220810170456
GET	/api/v1/stream/SAHARA@movie.mp4	200	Stream	20220810170521
GET	/api/v1/stream/SAHARA@movie.mp4	206	Stream	20220810170521
POST	/api/v1/delete	404	Stream	20220810170537
POST	/api/v1/delete	200	Stream	20220810170548
GET	/api/v1/stream/SAHARA@movie.mp4	404	Stream	20220810170556
GET	/favicon.ico	404	Stream	20220810170556
GET	/api/v1/stream/SAHARA@movie.mp4	404	Stream	20220810170601
POST	/api/v1/store	200	Stream	20220810170636
GET	/api/v1/stream/SAHARA@movie.mp4	200	Stream	20220810170642
GET	/api/v1/stream/SAHARA@movie.mp4	206	Stream	20220810170642
GET	/favicon.ico	404	Stream	20220810170642
GET	/api/v1/stream/SAHARA@movie.mp4	206	Stream	20220810170647
POST	/api/v1/store	200	Stream	20220810170705
GET	/api/v1/stream/SAHARA@movie.mp4	200	Stream	20220810170709
GET	/api/v1/stream/SAHARA@movie.mp4	206	Stream	20220810170709
GET	/favicon.ico	404	Stream	20220810170710
GET	/api/v1/stream/SAHARA@movie.mp4	206	Stream	20220810170712
POST	/api/v1/delete	200	Stream	20220810170729
GET	/api/v1/stream/SAHARA@movie.mp4	404	Stream	20220810170734
GET	/api/v1/stream/SAHARA@movie.mp4	404	Stream	20220810170737
POST	/api/v1/store	500	Stream	20220810171534
GET	/api/v1/stream/SAHARA@movie.mp4	404	Stream	20220810171734
GET	/favicon.ico	404	Stream	20220810171734
POST	/api/v1/store	500	Stream	20220810171745
POST	/api/v1/store	500	Stream	20220810171812
POST	/api/v1/store	500	Stream	20220810172005
POST	/api/v1/store	200	Stream	20220810172108
GET	/api/v1/stream/SAHARA@movie.mp4	200	Stream	20220810172122
GET	/api/v1/stream/SAHARA@movie.mp4	206	Stream	20220810172122
GET	/api/v1/stream/SAHARA@movie.mp4	206	Stream	20220810172123
GET	/api/v1/stream/SAHARA@movie.mp4	206	Stream	20220810172123
GET	/api/v1/stream/SAHARA@movie.mp4	200	Stream	20220810172129
GET	/api/v1/stream/SAHARA@movie.mp4	206	Stream	20220810172129
GET	/	200	Stream	20220810172201
GET	/favicon.ico	404	Stream	20220810172201
GET	/api/v1/stream/movie.mp4	500	Stream	20220810172220
GET	/api/v1/stream/SAHARA@movie.mp4	200	Stream	20220810172251
GET	/api/v1/stream/SAHARA@movie.mp4	206	Stream	20220810172251
GET	/api/v1/stream/SAHARA@movie.mp4	206	Stream	20220810172254
GET	/api/v1/stream/SAHARA@movie.mp4	206	Stream	20220810172257
GET	/api/v1/stream/SAHARA@movie.mp4	206	Stream	20220810172257
GET	/api/v1/stream/SAHARA@movie.mp4	206	Stream	20220810172257
POST	/api/v1/delete	200	Stream	20220810172307
GET	/api/v1/stream/SAHARA@movie.mp4	404	Stream	20220810172315
POST	/api/v1/store	500	Stream	20220811121244
POST	/api/v1/store	200	Stream	20220811122314
GET	/api/v1/stream/SAHARA@movie.mp4	404	Stream	20220811122331
GET	/favicon.ico	404	Stream	20220811122331
GET	/api/v1/stream/SAHARA@song.mp4	200	Stream	20220811122334
GET	/api/v1/stream/SAHARA@song.mp4	206	Stream	20220811122334
POST	/api/v1/register	500	Stream	20220811122629
POST	/api/v1/register	200	Stream	20220811123037
GET	/	200	Stream	20220811123059
GET	/admin/	302	Stream	20220811123102
GET	/admin/login/	200	Stream	20220811123102
GET	/api/v1/shard_download/SAHARA@music.mp4	404	Stream	20220811123115
GET	/api/v1/shard_download/SAHARA@song.mp4	200	Stream	20220811123125
GET	/api/v1/shard_download/SAHARA@song.mp4	200	Stream	20220811123125
GET	/admin/	302	Stream	20220811123235
GET	/admin/login/	200	Stream	20220811123235
POST	/admin/login/	302	Stream	20220811123237
GET	/admin/	200	Stream	20220811123237
GET	/admin/Shared/registeredinstance/	200	Stream	20220811123239
GET	/admin/jsi18n/	200	Stream	20220811123239
POST	/admin/Shared/registeredinstance/	200	Stream	20220811123242
POST	/admin/Shared/registeredinstance/	302	Stream	20220811123244
GET	/admin/Shared/registeredinstance/	200	Stream	20220811123244
GET	/admin/jsi18n/	200	Stream	20220811123244
POST	/api/v1/register	200	Stream	20220811123326
GET	/api/v1/shard_download/SAHARA@song.mp4	200	Stream	20220811123326
GET	/api/v1/shard_download/SAHARA@song.mp4	200	Stream	20220811123326
GET	/	200	Stream	20220811134901
GET	/admin/	302	Stream	20220811134912
GET	/admin/login/	200	Stream	20220811134912
POST	/admin/login/	302	Stream	20220811134914
GET	/admin/	200	Stream	20220811134914
GET	/admin/Shared/presignedurl/	200	Stream	20220811134918
GET	/admin/jsi18n/	200	Stream	20220811134918
GET	/admin/Shared/storedfile/	200	Stream	20220811134924
GET	/admin/jsi18n/	200	Stream	20220811134924
POST	/api/v1/store	200	Stream	20220811134952
GET	/api/v1/stream/SAHARA@movie.mp4	404	Stream	20220811135004
GET	/api/v1/stream/SAHARA@song.mp4	401	Stream	20220811135008
GET	/api/v1/stream/SAHARA@song.mp4	401	Stream	20220811135023
GET	/api/v1/presign/SAHARA@music.mp4	404	Stream	20220811135046
GET	/api/v1/presign/SAHARA@song.mp4	200	Stream	20220811135054
GET	/api/v1/stream/SAHARA@song.mp4	401	Stream	20220811135104
GET	/api/v1/stream/SAHARA@song.mp4	401	Stream	20220811135108
GET	/api/v1/presign/SAHARA@song.mp4	200	Stream	20220811135112
GET	/api/v1/stream/SAHARA@song.mp4	401	Stream	20220811135125
GET	/api/v1/presign/SAHARA@song.mp4	200	Stream	20220811135152
GET	/api/v1/stream/SAHARA@song.mp4	200	Stream	20220811135205
GET	/api/v1/stream/SAHARA@song.mp4	206	Stream	20220811135205
GET	/admin/Shared/storedfile/	200	Stream	20220811135223
GET	/admin/jsi18n/	200	Stream	20220811135223
GET	/admin/Shared/presignedurl/	200	Stream	20220811135226
GET	/admin/jsi18n/	200	Stream	20220811135226
GET	/admin/Shared/presignedurl/	200	Stream	20220811135228
GET	/admin/jsi18n/	200	Stream	20220811135228
GET	/admin/Shared/presignedurl/	200	Stream	20220811135354
GET	/admin/jsi18n/	200	Stream	20220811135354
GET	/api/v1/stream/SAHARA@song.mp4	401	Stream	20220811135357
GET	/api/v1/presign/SAHARA@song.mp4	200	Stream	20220811135512
GET	/api/v1/presign/SAHARA@song.mp4	200	Stream	20220811135520
GET	/admin/Shared/presignedurl/	200	Stream	20220811135526
GET	/admin/jsi18n/	200	Stream	20220811135526
GET	/admin/Shared/presignedurl/d9dceb01-b4db-4548-beae-5cd2d2fd46577dc94753-fa41-4abf-ad69-dfabd833d5963742a74b-52dd-4dd5-a6fb-6ec5de25f58590da9aa2-21a3-4bc9-8389-149867ca43c8/change/	200	Stream	20220811135529
GET	/admin/jsi18n/	200	Stream	20220811135529
GET	/admin/Shared/presignedurl/	200	Stream	20220811135537
GET	/admin/Shared/presignedurl/25dcc25a-7baa-4840-bae4-c8f6d978f0c575d99169-da8e-4086-aa86-34285bd5f0155ad629e6-cab1-4615-a60d-83f51d238e93240c9519-e778-4f47-b962-e83e13eb6369/change/	200	Stream	20220811135538
GET	/admin/jsi18n/	200	Stream	20220811135538
GET	/admin/Shared/presignedurl/	200	Stream	20220811135602
GET	/admin/Shared/presignedurl/	200	Stream	20220811135759
GET	/admin/jsi18n/	200	Stream	20220811135759
GET	/api/v1/presign/SAHARA@song.mp4	200	Stream	20220811135803
GET	/api/v1/presign/SAHARA@song.mp4	200	Stream	20220811135807
GET	/api/v1/presign/SAHARA@song.mp4	200	Stream	20220811135810
GET	/admin/Shared/presignedurl/	200	Stream	20220811135812
GET	/admin/jsi18n/	200	Stream	20220811135812
GET	/admin/Shared/presignedurl/	200	Stream	20220811135827
GET	/admin/jsi18n/	200	Stream	20220811135827
GET	/admin/Shared/presignedurl/	200	Stream	20220811135833
GET	/admin/jsi18n/	200	Stream	20220811135833
GET	/admin/Shared/presignedurl/	200	Stream	20220811135837
GET	/admin/jsi18n/	200	Stream	20220811135837
GET	/admin/Shared/presignedurl/	200	Stream	20220811135840
GET	/admin/jsi18n/	200	Stream	20220811135840
GET	/admin/Shared/presignedurl/	200	Stream	20220811135842
GET	/admin/jsi18n/	200	Stream	20220811135842
GET	/admin/Shared/presignedurl/	200	Stream	20220811135844
GET	/admin/jsi18n/	200	Stream	20220811135844
GET	/admin/Shared/presignedurl/ae09855e-5026-4ce3-b84c-2ac07cf5e3557c4a1a9e-cc02-40cf-9d69-e601cb7f9d462f469ef6-0c5b-453a-9d62-297db98f34c98971643d-c52e-466b-a444-1e10586189b5/change/	200	Stream	20220811135846
GET	/admin/jsi18n/	200	Stream	20220811135846
GET	/admin/Shared/presignedurl/	200	Stream	20220811135852
GET	/admin/Shared/presignedurl/	200	Stream	20220811135854
GET	/admin/jsi18n/	200	Stream	20220811135854
GET	/admin/Shared/presignedurl/	200	Stream	20220811135900
GET	/admin/jsi18n/	200	Stream	20220811135901
GET	/admin/Shared/presignedurl/	200	Stream	20220811135904
GET	/admin/jsi18n/	200	Stream	20220811135904
GET	/admin/Shared/presignedurl/	200	Stream	20220811135909
GET	/admin/jsi18n/	200	Stream	20220811135909
GET	/admin/Shared/presignedurl/ae09855e-5026-4ce3-b84c-2ac07cf5e3557c4a1a9e-cc02-40cf-9d69-e601cb7f9d462f469ef6-0c5b-453a-9d62-297db98f34c98971643d-c52e-466b-a444-1e10586189b5/change/	200	Stream	20220811135913
GET	/admin/jsi18n/	200	Stream	20220811135913